<?xml version="1.0" encoding="UTF-8"?>
<!-- Generated by org.testng.reporters.JUnitReportReporter -->
<testsuite hostname="LAPTOP-VTJRF8KI" failures="0" tests="1" name="com.automateDifficultSceanarios.HiddenElements" time="30.680" errors="0" timestamp="2021-04-29T21:10:20 IST" skipped="0">
  <testcase classname="com.automateDifficultSceanarios.HiddenElements" name="ElementHidden" time="30.680"/>
  <system-out/>
</testsuite> <!-- com.automateDifficultSceanarios.HiddenElements -->
