<?xml version="1.0" encoding="UTF-8"?>
<!-- Generated by org.testng.reporters.JUnitReportReporter -->
<testsuite hostname="LAPTOP-VTJRF8KI" failures="0" tests="1" name="com.automateDifficultSceanarios.EnabledorNot" time="40.488" errors="0" timestamp="2021-04-29T18:26:53 IST" skipped="0">
  <testcase classname="com.automateDifficultSceanarios.EnabledorNot" name="EnabledorNot" time="40.488"/>
  <system-out/>
</testsuite> <!-- com.automateDifficultSceanarios.EnabledorNot -->
