<?xml version="1.0" encoding="UTF-8"?>
<!-- Generated by org.testng.reporters.JUnitReportReporter -->
<testsuite hostname="LAPTOP-VTJRF8KI" failures="0" tests="1" name="com.automateDifficultSceanarios.AutoSuggestionBox" time="22.595" errors="0" timestamp="2021-04-29T17:52:18 IST" skipped="0">
  <testcase classname="com.automateDifficultSceanarios.AutoSuggestionBox" name="AutomateSuggestionBox_Method" time="22.595"/>
  <system-out/>
</testsuite> <!-- com.automateDifficultSceanarios.AutoSuggestionBox -->
